
                 *********************************************
                 *                                           *
                 *             A I M - S p i c e             *
                 *                                           *
                 *         Professional Version 2020.100           *
                 *                                           *
                 *********************************************

	Date: Wed Jan 31 01:22:54 2024
	Circuit File: C:\Users\aryan\OneDrive\Documents\GitHub\vlsi-design\cmos-inverter\pspice-simulation.cir
	Analysis: DC Transfer Curves

**************************  Circuit Description  **************************

     1:  CMOS Inverter
     2:  M1 2 1 3 3 ptype L=0.25u,W=0.75u
     3:  M2 2 1 0 0 ntype L=0.25u,W=0.75u
     4:  .model ntype nmos
     5:  .model ptype pmos
     6:  VDD 3 0 DC 5V
     7:  VIN 1 0 DC
     8:  .dc VIN 0 5 0.01

***************************  Model Parameters  ****************************


***************  Device Parameters (Only for .op analysis)  ***************



**************************  Analysis Parameters  **************************

	Source name #1 .. : VIN
	Start value #1 .. : 0
	End value #1 .... : 5
	Increment value #1: 0.01



**************  Options (Only those different from default)  **************



*************************  Simulation Statistics  *************************

	Total number of iterations...........: 1013
	Total analysis time (sec)............: 0.043
	Time spent in device loading (sec)...: 0.001
	Time spent in L-U decomposition (sec): 0
	Time spent in matrix reordering (sec): 0
	Time spent in matrix solving (sec)...: 0

***************************  Kernel Messages  *****************************

Circuit: CMOS Inverter


